  gUserInputSystem.cpp
c:\users\yevge\documents\github\gamesample\src\engine\types.h(195): warning C4244: 'return': conversion from 'double' to 'Int32', possible loss of data
c:\users\yevge\documents\github\gamesample\src\engine\components\gcomponent.h(10): warning C4091: 'typedef ': ignored on left of 'ComponentType' when no variable is declared
  gAnimationSystem.cpp
c:\users\yevge\documents\github\gamesample\src\engine\types.h(195): warning C4244: 'return': conversion from 'double' to 'Int32', possible loss of data
c:\users\yevge\documents\github\gamesample\src\engine\components\gcomponent.h(10): warning C4091: 'typedef ': ignored on left of 'ComponentType' when no variable is declared
  gEntityManager.cpp
c:\users\yevge\documents\github\gamesample\src\engine\types.h(195): warning C4244: 'return': conversion from 'double' to 'Int32', possible loss of data
c:\users\yevge\documents\github\gamesample\src\engine\components\gcomponent.h(10): warning C4091: 'typedef ': ignored on left of 'ComponentType' when no variable is declared
c:\users\yevge\documents\github\gamesample\src\engine\entity\gentitymanager.cpp(15): warning C4018: '<': signed/unsigned mismatch
  gMouseDownEventComponent.cpp
  Generating Code...
  Compiling...
  GGame.cpp
c:\users\yevge\documents\github\gamesample\src\engine\types.h(195): warning C4244: 'return': conversion from 'double' to 'Int32', possible loss of data
c:\users\yevge\documents\github\gamesample\src\engine\components\gcomponent.h(10): warning C4091: 'typedef ': ignored on left of 'ComponentType' when no variable is declared
  gSystemManager.cpp
c:\users\yevge\documents\github\gamesample\src\engine\types.h(195): warning C4244: 'return': conversion from 'double' to 'Int32', possible loss of data
c:\users\yevge\documents\github\gamesample\src\engine\components\gcomponent.h(10): warning C4091: 'typedef ': ignored on left of 'ComponentType' when no variable is declared
  gRenderSystem.cpp
c:\users\yevge\documents\github\gamesample\src\engine\types.h(195): warning C4244: 'return': conversion from 'double' to 'Int32', possible loss of data
c:\users\yevge\documents\github\gamesample\src\engine\components\gcomponent.h(10): warning C4091: 'typedef ': ignored on left of 'ComponentType' when no variable is declared
  gRenderableComponent.cpp
c:\users\yevge\documents\github\gamesample\src\engine\types.h(195): warning C4244: 'return': conversion from 'double' to 'Int32', possible loss of data
c:\users\yevge\documents\github\gamesample\src\engine\components\gcomponent.h(10): warning C4091: 'typedef ': ignored on left of 'ComponentType' when no variable is declared
  gLocationComponent.cpp
c:\users\yevge\documents\github\gamesample\src\engine\types.h(195): warning C4244: 'return': conversion from 'double' to 'Int32', possible loss of data
c:\users\yevge\documents\github\gamesample\src\engine\components\gcomponent.h(10): warning C4091: 'typedef ': ignored on left of 'ComponentType' when no variable is declared
  gComponent.cpp
c:\users\yevge\documents\github\gamesample\src\engine\types.h(195): warning C4244: 'return': conversion from 'double' to 'Int32', possible loss of data
c:\users\yevge\documents\github\gamesample\src\engine\components\gcomponent.h(10): warning C4091: 'typedef ': ignored on left of 'ComponentType' when no variable is declared
  gAnimationComponent.cpp
c:\users\yevge\documents\github\gamesample\src\engine\types.h(195): warning C4244: 'return': conversion from 'double' to 'Int32', possible loss of data
c:\users\yevge\documents\github\gamesample\src\engine\components\gcomponent.h(10): warning C4091: 'typedef ': ignored on left of 'ComponentType' when no variable is declared
  Generating Code...
  Skipping... (no relevant changes detected)
  gBaseComponent.cpp
  GameSample.vcxproj -> C:\Users\yevge\Documents\GitHub\GameSample\data\GameSample.exe
  GameSample.vcxproj -> data\GameSample.pdb (Partial PDB)
