c:\users\eholodkov\documents\github\gamesample\debug\vc140.pdb
c:\users\eholodkov\documents\github\gamesample\debug\vc140.idb
c:\users\eholodkov\documents\github\gamesample\debug\igame.obj
c:\users\eholodkov\documents\github\gamesample\debug\olopengl.obj
c:\users\eholodkov\documents\github\gamesample\debug\grender.obj
c:\users\eholodkov\documents\github\gamesample\debug\igrender.obj
c:\users\eholodkov\documents\github\gamesample\debug\gtextureatlas.obj
c:\users\eholodkov\documents\github\gamesample\debug\ganimationsystem.obj
c:\users\eholodkov\documents\github\gamesample\debug\gbasesystem.obj
c:\users\eholodkov\documents\github\gamesample\debug\guserinputsystem.obj
c:\users\eholodkov\documents\github\gamesample\debug\grendersystem.obj
c:\users\eholodkov\documents\github\gamesample\debug\gsystemmanager.obj
c:\users\eholodkov\documents\github\gamesample\debug\types.obj
c:\users\eholodkov\documents\github\gamesample\debug\utils.obj
c:\users\eholodkov\documents\github\gamesample\debug\gpool.obj
c:\users\eholodkov\documents\github\gamesample\debug\ggame.obj
c:\users\eholodkov\documents\github\gamesample\debug\main.obj
c:\users\eholodkov\documents\github\gamesample\debug\owindow.obj
c:\users\eholodkov\documents\github\gamesample\debug\tinystr.obj
c:\users\eholodkov\documents\github\gamesample\debug\tinyxml.obj
c:\users\eholodkov\documents\github\gamesample\debug\tinyxmlerror.obj
c:\users\eholodkov\documents\github\gamesample\debug\tinyxmlparser.obj
c:\users\eholodkov\documents\github\gamesample\debug\application.obj
c:\users\eholodkov\documents\github\gamesample\debug\gbasecomponent.obj
c:\users\eholodkov\documents\github\gamesample\debug\gentitymanager.obj
c:\users\eholodkov\documents\github\gamesample\debug\giofile.obj
c:\users\eholodkov\documents\github\gamesample\debug\gpngloader.obj
c:\users\eholodkov\documents\github\gamesample\debug\gtexturedictinary.obj
c:\users\eholodkov\documents\github\gamesample\debug\gtexturehandle.obj
c:\users\eholodkov\documents\github\gamesample\debug\gtexturemanager.obj
c:\users\eholodkov\documents\github\gamesample\debug\gtextureobject.obj
c:\users\eholodkov\documents\github\gamesample\debug\gresmanager.obj
c:\users\eholodkov\documents\github\gamesample\debug\gresourcedictionary.obj
c:\users\eholodkov\documents\github\gamesample\debug\gresource.obj
c:\users\eholodkov\documents\github\gamesample\debug\gsprite.obj
c:\users\eholodkov\documents\github\gamesample\debug\pngtrans.obj
c:\users\eholodkov\documents\github\gamesample\debug\pngwio.obj
c:\users\eholodkov\documents\github\gamesample\debug\pngwrite.obj
c:\users\eholodkov\documents\github\gamesample\debug\pngwtran.obj
c:\users\eholodkov\documents\github\gamesample\debug\pngwutil.obj
c:\users\eholodkov\documents\github\gamesample\debug\adler32.obj
c:\users\eholodkov\documents\github\gamesample\debug\compress.obj
c:\users\eholodkov\documents\github\gamesample\debug\crc32.obj
c:\users\eholodkov\documents\github\gamesample\debug\deflate.obj
c:\users\eholodkov\documents\github\gamesample\debug\gzclose.obj
c:\users\eholodkov\documents\github\gamesample\debug\gzlib.obj
c:\users\eholodkov\documents\github\gamesample\debug\gzread.obj
c:\users\eholodkov\documents\github\gamesample\debug\gzwrite.obj
c:\users\eholodkov\documents\github\gamesample\debug\infback.obj
c:\users\eholodkov\documents\github\gamesample\debug\inffast.obj
c:\users\eholodkov\documents\github\gamesample\debug\inflate.obj
c:\users\eholodkov\documents\github\gamesample\debug\inftrees.obj
c:\users\eholodkov\documents\github\gamesample\debug\trees.obj
c:\users\eholodkov\documents\github\gamesample\debug\uncompr.obj
c:\users\eholodkov\documents\github\gamesample\debug\zutil.obj
c:\users\eholodkov\documents\github\gamesample\debug\png.obj
c:\users\eholodkov\documents\github\gamesample\debug\pngerror.obj
c:\users\eholodkov\documents\github\gamesample\debug\pngget.obj
c:\users\eholodkov\documents\github\gamesample\debug\pngmem.obj
c:\users\eholodkov\documents\github\gamesample\debug\pngpread.obj
c:\users\eholodkov\documents\github\gamesample\debug\pngread.obj
c:\users\eholodkov\documents\github\gamesample\debug\pngrio.obj
c:\users\eholodkov\documents\github\gamesample\debug\pngrtran.obj
c:\users\eholodkov\documents\github\gamesample\debug\pngrutil.obj
c:\users\eholodkov\documents\github\gamesample\debug\pngset.obj
c:\users\eholodkov\documents\github\gamesample\data\gamesample.exe
c:\users\eholodkov\documents\github\gamesample\debug\gamesample.tlog\cl.command.1.tlog
c:\users\eholodkov\documents\github\gamesample\debug\gamesample.tlog\cl.read.1.tlog
c:\users\eholodkov\documents\github\gamesample\debug\gamesample.tlog\cl.write.1.tlog
c:\users\eholodkov\documents\github\gamesample\debug\gamesample.tlog\link.command.1.tlog
c:\users\eholodkov\documents\github\gamesample\debug\gamesample.tlog\link.read.1.tlog
c:\users\eholodkov\documents\github\gamesample\debug\gamesample.tlog\link.write.1.tlog
